[2019-04-20 15:05:42] local.ERROR: Class 'App\Http\Controllers\Api\AfterCompensatonTransformer' not found {"userId":1,"email":"1223@bf.com","exception":"[object] (Symfony\\Component\\Debug\\Exception\\FatalThrowableError(code: 0): Class 'App\\Http\\Controllers\\Api\\AfterCompensatonTransformer' not found at /home/vagrant/Code/BFERP/app/Http/Controllers/Api/AfterCompensationController.php:681)
[stacktrace]
#0 [internal function]: App\\Http\\Controllers\\Api\\AfterCompensationController->update(Object(App\\Http\\Requests\\Api\\AfterCompensationRequest), Object(App\\Models\\AfterCompensationOrder), Object(App\\Handlers\\ValidatedHandler))
#1 /home/vagrant/Code/BFERP/vendor/laravel/framework/src/Illuminate/Routing/Controller.php(54): call_user_func_array(Array, Array)
#2 /home/vagrant/Code/BFERP/vendor/laravel/framework/src/Illuminate/Routing/ControllerDispatcher.php(45): Illuminate\\Routing\\Controller->callAction('update', Array)
#3 /home/vagrant/Code/BFERP/vendor/laravel/framework/src/Illuminate/Routing/Route.php(212): Illuminate\\Routing\\ControllerDispatcher->dispatch(Object(Illuminate\\Routing\\Route), Object(App\\Http\\Controllers\\Api\\AfterCompensationController), 'update')
#4 /home/vagrant/Code/BFERP/vendor/laravel/framework/src/Illuminate/Routing/Route.php(169): Illuminate\\Routing\\Route->runController()
#5 /home/vagrant/Code/BFERP/vendor/laravel/framework/src/Illuminate/Routing/Router.php(658): Illuminate\\Routing\\Route->run()
#6 /home/vagrant/Code/BFERP/vendor/laravel/framework/src/Illuminate/Routing/Pipeline.php(30): Illuminate\\Routing\\Router->Illuminate\\Routing\\{closure}(Object(Dingo\\Api\\Http\\Request))
#7 /home/vagrant/Code/BFERP/vendor/laravel/framework/src/Illuminate/Foundation/Http/Middleware/TransformsRequest.php(30): Illuminate\\Routing\\Pipeline->Illuminate\\Routing\\{closure}(Object(Dingo\\Api\\Http\\Request))
#8 /home/vagrant/Code/BFERP/vendor/laravel/framework/src/Illuminate/Pipeline/Pipeline.php(149): Illuminate\\Foundation\\Http\\Middleware\\TransformsRequest->handle(Object(Dingo\\Api\\Http\\Request), Object(Closure))
#9 /home/vagrant/Code/BFERP/vendor/laravel/framework/src/Illuminate/Routing/Pipeline.php(53): Illuminate\\Pipeline\\Pipeline->Illuminate\\Pipeline\\{closure}(Object(Dingo\\Api\\Http\\Request))
#10 /home/vagrant/Code/BFERP/app/Http/Middleware/RefreshToken.php(31): Illuminate\\Routing\\Pipeline->Illuminate\\Routing\\{closure}(Object(Dingo\\Api\\Http\\Request))
#11 /home/vagrant/Code/BFERP/vendor/laravel/framework/src/Illuminate/Pipeline/Pipeline.php(149): App\\Http\\Middleware\\RefreshToken->handle(Object(Dingo\\Api\\Http\\Request), Object(Closure))
#12 /home/vagrant/Code/BFERP/vendor/laravel/framework/src/Illuminate/Routing/Pipeline.php(53): Illuminate\\Pipeline\\Pipeline->Illuminate\\Pipeline\\{closure}(Object(Dingo\\Api\\Http\\Request))
#13 /home/vagrant/Code/BFERP/vendor/dingo/api/src/Http/Middleware/RateLimit.php(70): Illuminate\\Routing\\Pipeline->Illuminate\\Routing\\{closure}(Object(Dingo\\Api\\Http\\Request))
#14 /home/vagrant/Code/BFERP/vendor/laravel/framework/src/Illuminate/Pipeline/Pipeline.php(149): Dingo\\Api\\Http\\Middleware\\RateLimit->handle(Object(Dingo\\Api\\Http\\Request), Object(Closure))
#15 /home/vagrant/Code/BFERP/vendor/laravel/framework/src/Illuminate/Routing/Pipeline.php(53): Illuminate\\Pipeline\\Pipeline->Illuminate\\Pipeline\\{closure}(Object(Dingo\\Api\\Http\\Request))
#16 /home/vagrant/Code/BFERP/vendor/laravel/framework/src/Illuminate/Routing/Middleware/SubstituteBindings.php(41): Illuminate\\Routing\\Pipeline->Illuminate\\Routing\\{closure}(Object(Dingo\\Api\\Http\\Request))
#17 /home/vagrant/Code/BFERP/vendor/laravel/framework/src/Illuminate/Pipeline/Pipeline.php(149): Illuminate\\Routing\\Middleware\\SubstituteBindings->handle(Object(Dingo\\Api\\Http\\Request), Object(Closure))
#18 /home/vagrant/Code/BFERP/vendor/laravel/framework/src/Illuminate/Routing/Pipeline.php(53): Illuminate\\Pipeline\\Pipeline->Illuminate\\Pipeline\\{closure}(Object(Dingo\\Api\\Http\\Request))
#19 /home/vagrant/Code/BFERP/vendor/liyu/dingo-serializer-switch/src/SerializerSwitch.php(44): Illuminate\\Routing\\Pipeline->Illuminate\\Routing\\{closure}(Object(Dingo\\Api\\Http\\Request))
#20 /home/vagrant/Code/BFERP/vendor/laravel/framework/src/Illuminate/Pipeline/Pipeline.php(149): Liyu\\Dingo\\SerializerSwitch->handle(Object(Dingo\\Api\\Http\\Request), Object(Closure), 'array')
#21 /home/vagrant/Code/BFERP/vendor/laravel/framework/src/Illuminate/Routing/Pipeline.php(53): Illuminate\\Pipeline\\Pipeline->Illuminate\\Pipeline\\{closure}(Object(Dingo\\Api\\Http\\Request))
#22 /home/vagrant/Code/BFERP/vendor/dingo/api/src/Http/Middleware/PrepareController.php(45): Illuminate\\Routing\\Pipeline->Illuminate\\Routing\\{closure}(Object(Dingo\\Api\\Http\\Request))
#23 /home/vagrant/Code/BFERP/vendor/laravel/framework/src/Illuminate/Pipeline/Pipeline.php(149): Dingo\\Api\\Http\\Middleware\\PrepareController->handle(Object(Dingo\\Api\\Http\\Request), Object(Closure))
#24 /home/vagrant/Code/BFERP/vendor/laravel/framework/src/Illuminate/Routing/Pipeline.php(53): Illuminate\\Pipeline\\Pipeline->Illuminate\\Pipeline\\{closure}(Object(Dingo\\Api\\Http\\Request))
#25 /home/vagrant/Code/BFERP/vendor/laravel/framework/src/Illuminate/Pipeline/Pipeline.php(102): Illuminate\\Routing\\Pipeline->Illuminate\\Routing\\{closure}(Object(Dingo\\Api\\Http\\Request))
#26 /home/vagrant/Code/BFERP/vendor/laravel/framework/src/Illuminate/Routing/Router.php(660): Illuminate\\Pipeline\\Pipeline->then(Object(Closure))
#27 /home/vagrant/Code/BFERP/vendor/laravel/framework/src/Illuminate/Routing/Router.php(635): Illuminate\\Routing\\Router->runRouteWithinStack(Object(Illuminate\\Routing\\Route), Object(Dingo\\Api\\Http\\Request))
#28 /home/vagrant/Code/BFERP/vendor/laravel/framework/src/Illuminate/Routing/Router.php(601): Illuminate\\Routing\\Router->runRoute(Object(Dingo\\Api\\Http\\Request), Object(Illuminate\\Routing\\Route))
#29 /home/vagrant/Code/BFERP/vendor/laravel/framework/src/Illuminate/Routing/Router.php(590): Illuminate\\Routing\\Router->dispatchToRoute(Object(Dingo\\Api\\Http\\Request))
#30 /home/vagrant/Code/BFERP/vendor/dingo/api/src/Routing/Adapter/Laravel.php(81): Illuminate\\Routing\\Router->dispatch(Object(Dingo\\Api\\Http\\Request))
#31 /home/vagrant/Code/BFERP/vendor/dingo/api/src/Routing/Router.php(512): Dingo\\Api\\Routing\\Adapter\\Laravel->dispatch(Object(Dingo\\Api\\Http\\Request), 'v1')
#32 /home/vagrant/Code/BFERP/vendor/dingo/api/src/Http/Middleware/Request.php(126): Dingo\\Api\\Routing\\Router->dispatch(Object(Dingo\\Api\\Http\\Request))
#33 /home/vagrant/Code/BFERP/vendor/laravel/framework/src/Illuminate/Pipeline/Pipeline.php(114): Dingo\\Api\\Http\\Middleware\\Request->Dingo\\Api\\Http\\Middleware\\{closure}(Object(Dingo\\Api\\Http\\Request))
#34 /home/vagrant/Code/BFERP/vendor/barryvdh/laravel-debugbar/src/Middleware/InjectDebugbar.php(58): Illuminate\\Pipeline\\Pipeline->Illuminate\\Pipeline\\{closure}(Object(Dingo\\Api\\Http\\Request))
#35 /home/vagrant/Code/BFERP/vendor/laravel/framework/src/Illuminate/Pipeline/Pipeline.php(149): Barryvdh\\Debugbar\\Middleware\\InjectDebugbar->handle(Object(Dingo\\Api\\Http\\Request), Object(Closure))
#36 /home/vagrant/Code/BFERP/vendor/fideloper/proxy/src/TrustProxies.php(56): Illuminate\\Pipeline\\Pipeline->Illuminate\\Pipeline\\{closure}(Object(Dingo\\Api\\Http\\Request))
#37 /home/vagrant/Code/BFERP/vendor/laravel/framework/src/Illuminate/Pipeline/Pipeline.php(149): Fideloper\\Proxy\\TrustProxies->handle(Object(Dingo\\Api\\Http\\Request), Object(Closure))
#38 /home/vagrant/Code/BFERP/vendor/laravel/framework/src/Illuminate/Foundation/Http/Middleware/TransformsRequest.php(30): Illuminate\\Pipeline\\Pipeline->Illuminate\\Pipeline\\{closure}(Object(Dingo\\Api\\Http\\Request))
#39 /home/vagrant/Code/BFERP/vendor/laravel/framework/src/Illuminate/Pipeline/Pipeline.php(149): Illuminate\\Foundation\\Http\\Middleware\\TransformsRequest->handle(Object(Dingo\\Api\\Http\\Request), Object(Closure))
#40 /home/vagrant/Code/BFERP/vendor/laravel/framework/src/Illuminate/Foundation/Http/Middleware/ValidatePostSize.php(27): Illuminate\\Pipeline\\Pipeline->Illuminate\\Pipeline\\{closure}(Object(Dingo\\Api\\Http\\Request))
#41 /home/vagrant/Code/BFERP/vendor/laravel/framework/src/Illuminate/Pipeline/Pipeline.php(149): Illuminate\\Foundation\\Http\\Middleware\\ValidatePostSize->handle(Object(Dingo\\Api\\Http\\Request), Object(Closure))
#42 /home/vagrant/Code/BFERP/vendor/laravel/framework/src/Illuminate/Foundation/Http/Middleware/CheckForMaintenanceMode.php(46): Illuminate\\Pipeline\\Pipeline->Illuminate\\Pipeline\\{closure}(Object(Dingo\\Api\\Http\\Request))
#43 /home/vagrant/Code/BFERP/vendor/laravel/framework/src/Illuminate/Pipeline/Pipeline.php(149): Illuminate\\Foundation\\Http\\Middleware\\CheckForMaintenanceMode->handle(Object(Dingo\\Api\\Http\\Request), Object(Closure))
#44 /home/vagrant/Code/BFERP/vendor/laravel/framework/src/Illuminate/Pipeline/Pipeline.php(102): Illuminate\\Pipeline\\Pipeline->Illuminate\\Pipeline\\{closure}(Object(Dingo\\Api\\Http\\Request))
#45 /home/vagrant/Code/BFERP/vendor/dingo/api/src/Http/Middleware/Request.php(127): Illuminate\\Pipeline\\Pipeline->then(Object(Closure))
#46 /home/vagrant/Code/BFERP/vendor/dingo/api/src/Http/Middleware/Request.php(103): Dingo\\Api\\Http\\Middleware\\Request->sendRequestThroughRouter(Object(Dingo\\Api\\Http\\Request))
#47 /home/vagrant/Code/BFERP/vendor/laravel/framework/src/Illuminate/Pipeline/Pipeline.php(149): Dingo\\Api\\Http\\Middleware\\Request->handle(Object(Dingo\\Api\\Http\\Request), Object(Closure))
#48 /home/vagrant/Code/BFERP/vendor/laravel/framework/src/Illuminate/Routing/Pipeline.php(53): Illuminate\\Pipeline\\Pipeline->Illuminate\\Pipeline\\{closure}(Object(Illuminate\\Http\\Request))
#49 /home/vagrant/Code/BFERP/vendor/laravel/framework/src/Illuminate/Pipeline/Pipeline.php(102): Illuminate\\Routing\\Pipeline->Illuminate\\Routing\\{closure}(Object(Illuminate\\Http\\Request))
#50 /home/vagrant/Code/BFERP/vendor/laravel/framework/src/Illuminate/Foundation/Http/Kernel.php(151): Illuminate\\Pipeline\\Pipeline->then(Object(Closure))
#51 /home/vagrant/Code/BFERP/vendor/laravel/framework/src/Illuminate/Foundation/Http/Kernel.php(116): Illuminate\\Foundation\\Http\\Kernel->sendRequestThroughRouter(Object(Illuminate\\Http\\Request))
#52 /home/vagrant/Code/BFERP/public/index.php(55): Illuminate\\Foundation\\Http\\Kernel->handle(Object(Illuminate\\Http\\Request))
#53 {main}
"} 
[2019-04-20 15:05:49] local.ERROR: Class 'App\Http\Controllers\Api\AfterCompensatonTransformer' not found {"userId":1,"email":"1223@bf.com","exception":"[object] (Symfony\\Component\\Debug\\Exception\\FatalThrowableError(code: 0): Class 'App\\Http\\Controllers\\Api\\AfterCompensatonTransformer' not found at /home/vagrant/Code/BFERP/app/Http/Controllers/Api/AfterCompensationController.php:681)
[stacktrace]
#0 [internal function]: App\\Http\\Controllers\\Api\\AfterCompensationController->update(Object(App\\Http\\Requests\\Api\\AfterCompensationRequest), Object(App\\Models\\AfterCompensationOrder), Object(App\\Handlers\\ValidatedHandler))
#1 /home/vagrant/Code/BFERP/vendor/laravel/framework/src/Illuminate/Routing/Controller.php(54): call_user_func_array(Array, Array)
#2 /home/vagrant/Code/BFERP/vendor/laravel/framework/src/Illuminate/Routing/ControllerDispatcher.php(45): Illuminate\\Routing\\Controller->callAction('update', Array)
#3 /home/vagrant/Code/BFERP/vendor/laravel/framework/src/Illuminate/Routing/Route.php(212): Illuminate\\Routing\\ControllerDispatcher->dispatch(Object(Illuminate\\Routing\\Route), Object(App\\Http\\Controllers\\Api\\AfterCompensationController), 'update')
#4 /home/vagrant/Code/BFERP/vendor/laravel/framework/src/Illuminate/Routing/Route.php(169): Illuminate\\Routing\\Route->runController()
#5 /home/vagrant/Code/BFERP/vendor/laravel/framework/src/Illuminate/Routing/Router.php(658): Illuminate\\Routing\\Route->run()
#6 /home/vagrant/Code/BFERP/vendor/laravel/framework/src/Illuminate/Routing/Pipeline.php(30): Illuminate\\Routing\\Router->Illuminate\\Routing\\{closure}(Object(Dingo\\Api\\Http\\Request))
#7 /home/vagrant/Code/BFERP/vendor/laravel/framework/src/Illuminate/Foundation/Http/Middleware/TransformsRequest.php(30): Illuminate\\Routing\\Pipeline->Illuminate\\Routing\\{closure}(Object(Dingo\\Api\\Http\\Request))
#8 /home/vagrant/Code/BFERP/vendor/laravel/framework/src/Illuminate/Pipeline/Pipeline.php(149): Illuminate\\Foundation\\Http\\Middleware\\TransformsRequest->handle(Object(Dingo\\Api\\Http\\Request), Object(Closure))
#9 /home/vagrant/Code/BFERP/vendor/laravel/framework/src/Illuminate/Routing/Pipeline.php(53): Illuminate\\Pipeline\\Pipeline->Illuminate\\Pipeline\\{closure}(Object(Dingo\\Api\\Http\\Request))
#10 /home/vagrant/Code/BFERP/app/Http/Middleware/RefreshToken.php(31): Illuminate\\Routing\\Pipeline->Illuminate\\Routing\\{closure}(Object(Dingo\\Api\\Http\\Request))
#11 /home/vagrant/Code/BFERP/vendor/laravel/framework/src/Illuminate/Pipeline/Pipeline.php(149): App\\Http\\Middleware\\RefreshToken->handle(Object(Dingo\\Api\\Http\\Request), Object(Closure))
#12 /home/vagrant/Code/BFERP/vendor/laravel/framework/src/Illuminate/Routing/Pipeline.php(53): Illuminate\\Pipeline\\Pipeline->Illuminate\\Pipeline\\{closure}(Object(Dingo\\Api\\Http\\Request))
#13 /home/vagrant/Code/BFERP/vendor/dingo/api/src/Http/Middleware/RateLimit.php(70): Illuminate\\Routing\\Pipeline->Illuminate\\Routing\\{closure}(Object(Dingo\\Api\\Http\\Request))
#14 /home/vagrant/Code/BFERP/vendor/laravel/framework/src/Illuminate/Pipeline/Pipeline.php(149): Dingo\\Api\\Http\\Middleware\\RateLimit->handle(Object(Dingo\\Api\\Http\\Request), Object(Closure))
#15 /home/vagrant/Code/BFERP/vendor/laravel/framework/src/Illuminate/Routing/Pipeline.php(53): Illuminate\\Pipeline\\Pipeline->Illuminate\\Pipeline\\{closure}(Object(Dingo\\Api\\Http\\Request))
#16 /home/vagrant/Code/BFERP/vendor/laravel/framework/src/Illuminate/Routing/Middleware/SubstituteBindings.php(41): Illuminate\\Routing\\Pipeline->Illuminate\\Routing\\{closure}(Object(Dingo\\Api\\Http\\Request))
#17 /home/vagrant/Code/BFERP/vendor/laravel/framework/src/Illuminate/Pipeline/Pipeline.php(149): Illuminate\\Routing\\Middleware\\SubstituteBindings->handle(Object(Dingo\\Api\\Http\\Request), Object(Closure))
#18 /home/vagrant/Code/BFERP/vendor/laravel/framework/src/Illuminate/Routing/Pipeline.php(53): Illuminate\\Pipeline\\Pipeline->Illuminate\\Pipeline\\{closure}(Object(Dingo\\Api\\Http\\Request))
#19 /home/vagrant/Code/BFERP/vendor/liyu/dingo-serializer-switch/src/SerializerSwitch.php(44): Illuminate\\Routing\\Pipeline->Illuminate\\Routing\\{closure}(Object(Dingo\\Api\\Http\\Request))
#20 /home/vagrant/Code/BFERP/vendor/laravel/framework/src/Illuminate/Pipeline/Pipeline.php(149): Liyu\\Dingo\\SerializerSwitch->handle(Object(Dingo\\Api\\Http\\Request), Object(Closure), 'array')
#21 /home/vagrant/Code/BFERP/vendor/laravel/framework/src/Illuminate/Routing/Pipeline.php(53): Illuminate\\Pipeline\\Pipeline->Illuminate\\Pipeline\\{closure}(Object(Dingo\\Api\\Http\\Request))
#22 /home/vagrant/Code/BFERP/vendor/dingo/api/src/Http/Middleware/PrepareController.php(45): Illuminate\\Routing\\Pipeline->Illuminate\\Routing\\{closure}(Object(Dingo\\Api\\Http\\Request))
#23 /home/vagrant/Code/BFERP/vendor/laravel/framework/src/Illuminate/Pipeline/Pipeline.php(149): Dingo\\Api\\Http\\Middleware\\PrepareController->handle(Object(Dingo\\Api\\Http\\Request), Object(Closure))
#24 /home/vagrant/Code/BFERP/vendor/laravel/framework/src/Illuminate/Routing/Pipeline.php(53): Illuminate\\Pipeline\\Pipeline->Illuminate\\Pipeline\\{closure}(Object(Dingo\\Api\\Http\\Request))
#25 /home/vagrant/Code/BFERP/vendor/laravel/framework/src/Illuminate/Pipeline/Pipeline.php(102): Illuminate\\Routing\\Pipeline->Illuminate\\Routing\\{closure}(Object(Dingo\\Api\\Http\\Request))
#26 /home/vagrant/Code/BFERP/vendor/laravel/framework/src/Illuminate/Routing/Router.php(660): Illuminate\\Pipeline\\Pipeline->then(Object(Closure))
#27 /home/vagrant/Code/BFERP/vendor/laravel/framework/src/Illuminate/Routing/Router.php(635): Illuminate\\Routing\\Router->runRouteWithinStack(Object(Illuminate\\Routing\\Route), Object(Dingo\\Api\\Http\\Request))
#28 /home/vagrant/Code/BFERP/vendor/laravel/framework/src/Illuminate/Routing/Router.php(601): Illuminate\\Routing\\Router->runRoute(Object(Dingo\\Api\\Http\\Request), Object(Illuminate\\Routing\\Route))
#29 /home/vagrant/Code/BFERP/vendor/laravel/framework/src/Illuminate/Routing/Router.php(590): Illuminate\\Routing\\Router->dispatchToRoute(Object(Dingo\\Api\\Http\\Request))
#30 /home/vagrant/Code/BFERP/vendor/dingo/api/src/Routing/Adapter/Laravel.php(81): Illuminate\\Routing\\Router->dispatch(Object(Dingo\\Api\\Http\\Request))
#31 /home/vagrant/Code/BFERP/vendor/dingo/api/src/Routing/Router.php(512): Dingo\\Api\\Routing\\Adapter\\Laravel->dispatch(Object(Dingo\\Api\\Http\\Request), 'v1')
#32 /home/vagrant/Code/BFERP/vendor/dingo/api/src/Http/Middleware/Request.php(126): Dingo\\Api\\Routing\\Router->dispatch(Object(Dingo\\Api\\Http\\Request))
#33 /home/vagrant/Code/BFERP/vendor/laravel/framework/src/Illuminate/Pipeline/Pipeline.php(114): Dingo\\Api\\Http\\Middleware\\Request->Dingo\\Api\\Http\\Middleware\\{closure}(Object(Dingo\\Api\\Http\\Request))
#34 /home/vagrant/Code/BFERP/vendor/barryvdh/laravel-debugbar/src/Middleware/InjectDebugbar.php(58): Illuminate\\Pipeline\\Pipeline->Illuminate\\Pipeline\\{closure}(Object(Dingo\\Api\\Http\\Request))
#35 /home/vagrant/Code/BFERP/vendor/laravel/framework/src/Illuminate/Pipeline/Pipeline.php(149): Barryvdh\\Debugbar\\Middleware\\InjectDebugbar->handle(Object(Dingo\\Api\\Http\\Request), Object(Closure))
#36 /home/vagrant/Code/BFERP/vendor/fideloper/proxy/src/TrustProxies.php(56): Illuminate\\Pipeline\\Pipeline->Illuminate\\Pipeline\\{closure}(Object(Dingo\\Api\\Http\\Request))
#37 /home/vagrant/Code/BFERP/vendor/laravel/framework/src/Illuminate/Pipeline/Pipeline.php(149): Fideloper\\Proxy\\TrustProxies->handle(Object(Dingo\\Api\\Http\\Request), Object(Closure))
#38 /home/vagrant/Code/BFERP/vendor/laravel/framework/src/Illuminate/Foundation/Http/Middleware/TransformsRequest.php(30): Illuminate\\Pipeline\\Pipeline->Illuminate\\Pipeline\\{closure}(Object(Dingo\\Api\\Http\\Request))
#39 /home/vagrant/Code/BFERP/vendor/laravel/framework/src/Illuminate/Pipeline/Pipeline.php(149): Illuminate\\Foundation\\Http\\Middleware\\TransformsRequest->handle(Object(Dingo\\Api\\Http\\Request), Object(Closure))
#40 /home/vagrant/Code/BFERP/vendor/laravel/framework/src/Illuminate/Foundation/Http/Middleware/ValidatePostSize.php(27): Illuminate\\Pipeline\\Pipeline->Illuminate\\Pipeline\\{closure}(Object(Dingo\\Api\\Http\\Request))
#41 /home/vagrant/Code/BFERP/vendor/laravel/framework/src/Illuminate/Pipeline/Pipeline.php(149): Illuminate\\Foundation\\Http\\Middleware\\ValidatePostSize->handle(Object(Dingo\\Api\\Http\\Request), Object(Closure))
#42 /home/vagrant/Code/BFERP/vendor/laravel/framework/src/Illuminate/Foundation/Http/Middleware/CheckForMaintenanceMode.php(46): Illuminate\\Pipeline\\Pipeline->Illuminate\\Pipeline\\{closure}(Object(Dingo\\Api\\Http\\Request))
#43 /home/vagrant/Code/BFERP/vendor/laravel/framework/src/Illuminate/Pipeline/Pipeline.php(149): Illuminate\\Foundation\\Http\\Middleware\\CheckForMaintenanceMode->handle(Object(Dingo\\Api\\Http\\Request), Object(Closure))
#44 /home/vagrant/Code/BFERP/vendor/laravel/framework/src/Illuminate/Pipeline/Pipeline.php(102): Illuminate\\Pipeline\\Pipeline->Illuminate\\Pipeline\\{closure}(Object(Dingo\\Api\\Http\\Request))
#45 /home/vagrant/Code/BFERP/vendor/dingo/api/src/Http/Middleware/Request.php(127): Illuminate\\Pipeline\\Pipeline->then(Object(Closure))
#46 /home/vagrant/Code/BFERP/vendor/dingo/api/src/Http/Middleware/Request.php(103): Dingo\\Api\\Http\\Middleware\\Request->sendRequestThroughRouter(Object(Dingo\\Api\\Http\\Request))
#47 /home/vagrant/Code/BFERP/vendor/laravel/framework/src/Illuminate/Pipeline/Pipeline.php(149): Dingo\\Api\\Http\\Middleware\\Request->handle(Object(Dingo\\Api\\Http\\Request), Object(Closure))
#48 /home/vagrant/Code/BFERP/vendor/laravel/framework/src/Illuminate/Routing/Pipeline.php(53): Illuminate\\Pipeline\\Pipeline->Illuminate\\Pipeline\\{closure}(Object(Illuminate\\Http\\Request))
#49 /home/vagrant/Code/BFERP/vendor/laravel/framework/src/Illuminate/Pipeline/Pipeline.php(102): Illuminate\\Routing\\Pipeline->Illuminate\\Routing\\{closure}(Object(Illuminate\\Http\\Request))
#50 /home/vagrant/Code/BFERP/vendor/laravel/framework/src/Illuminate/Foundation/Http/Kernel.php(151): Illuminate\\Pipeline\\Pipeline->then(Object(Closure))
#51 /home/vagrant/Code/BFERP/vendor/laravel/framework/src/Illuminate/Foundation/Http/Kernel.php(116): Illuminate\\Foundation\\Http\\Kernel->sendRequestThroughRouter(Object(Illuminate\\Http\\Request))
#52 /home/vagrant/Code/BFERP/public/index.php(55): Illuminate\\Foundation\\Http\\Kernel->handle(Object(Illuminate\\Http\\Request))
#53 {main}
"} 
[2019-04-20 15:40:08] local.ERROR: Undefined class constant 'ORDER_STATUS_CS_AUDIT' {"userId":1,"email":"1223@bf.com","exception":"[object] (Symfony\\Component\\Debug\\Exception\\FatalThrowableError(code: 0): Undefined class constant 'ORDER_STATUS_CS_AUDIT' at /home/vagrant/Code/BFERP/app/Models/AfterCompensationOrder.php:181)
[stacktrace]
#0 /home/vagrant/Code/BFERP/app/Http/Controllers/Traits/ProcedureTrait.php(24): App\\Models\\AfterCompensationOrder->audit(NULL)
#1 /home/vagrant/Code/BFERP/app/Http/Controllers/Api/AfterCompensationController.php(823): App\\Http\\Controllers\\Api\\AfterCompensationController->traitAction(Object(App\\Models\\AfterCompensationOrder), false, '\\xE5\\xAE\\xA2\\xE5\\xAE\\xA1\\xE5\\x87\\xBA\\xE9\\x94\\x99', 'audit')
#2 [internal function]: App\\Http\\Controllers\\Api\\AfterCompensationController->isAudit(Object(App\\Models\\AfterCompensationOrder))
#3 /home/vagrant/Code/BFERP/vendor/laravel/framework/src/Illuminate/Routing/Controller.php(54): call_user_func_array(Array, Array)
#4 /home/vagrant/Code/BFERP/vendor/laravel/framework/src/Illuminate/Routing/ControllerDispatcher.php(45): Illuminate\\Routing\\Controller->callAction('isAudit', Array)
#5 /home/vagrant/Code/BFERP/vendor/laravel/framework/src/Illuminate/Routing/Route.php(212): Illuminate\\Routing\\ControllerDispatcher->dispatch(Object(Illuminate\\Routing\\Route), Object(App\\Http\\Controllers\\Api\\AfterCompensationController), 'isAudit')
#6 /home/vagrant/Code/BFERP/vendor/laravel/framework/src/Illuminate/Routing/Route.php(169): Illuminate\\Routing\\Route->runController()
#7 /home/vagrant/Code/BFERP/vendor/laravel/framework/src/Illuminate/Routing/Router.php(658): Illuminate\\Routing\\Route->run()
#8 /home/vagrant/Code/BFERP/vendor/laravel/framework/src/Illuminate/Routing/Pipeline.php(30): Illuminate\\Routing\\Router->Illuminate\\Routing\\{closure}(Object(Dingo\\Api\\Http\\Request))
#9 /home/vagrant/Code/BFERP/vendor/laravel/framework/src/Illuminate/Foundation/Http/Middleware/TransformsRequest.php(30): Illuminate\\Routing\\Pipeline->Illuminate\\Routing\\{closure}(Object(Dingo\\Api\\Http\\Request))
#10 /home/vagrant/Code/BFERP/vendor/laravel/framework/src/Illuminate/Pipeline/Pipeline.php(149): Illuminate\\Foundation\\Http\\Middleware\\TransformsRequest->handle(Object(Dingo\\Api\\Http\\Request), Object(Closure))
#11 /home/vagrant/Code/BFERP/vendor/laravel/framework/src/Illuminate/Routing/Pipeline.php(53): Illuminate\\Pipeline\\Pipeline->Illuminate\\Pipeline\\{closure}(Object(Dingo\\Api\\Http\\Request))
#12 /home/vagrant/Code/BFERP/app/Http/Middleware/RefreshToken.php(31): Illuminate\\Routing\\Pipeline->Illuminate\\Routing\\{closure}(Object(Dingo\\Api\\Http\\Request))
#13 /home/vagrant/Code/BFERP/vendor/laravel/framework/src/Illuminate/Pipeline/Pipeline.php(149): App\\Http\\Middleware\\RefreshToken->handle(Object(Dingo\\Api\\Http\\Request), Object(Closure))
#14 /home/vagrant/Code/BFERP/vendor/laravel/framework/src/Illuminate/Routing/Pipeline.php(53): Illuminate\\Pipeline\\Pipeline->Illuminate\\Pipeline\\{closure}(Object(Dingo\\Api\\Http\\Request))
#15 /home/vagrant/Code/BFERP/vendor/dingo/api/src/Http/Middleware/RateLimit.php(70): Illuminate\\Routing\\Pipeline->Illuminate\\Routing\\{closure}(Object(Dingo\\Api\\Http\\Request))
#16 /home/vagrant/Code/BFERP/vendor/laravel/framework/src/Illuminate/Pipeline/Pipeline.php(149): Dingo\\Api\\Http\\Middleware\\RateLimit->handle(Object(Dingo\\Api\\Http\\Request), Object(Closure))
#17 /home/vagrant/Code/BFERP/vendor/laravel/framework/src/Illuminate/Routing/Pipeline.php(53): Illuminate\\Pipeline\\Pipeline->Illuminate\\Pipeline\\{closure}(Object(Dingo\\Api\\Http\\Request))
#18 /home/vagrant/Code/BFERP/vendor/laravel/framework/src/Illuminate/Routing/Middleware/SubstituteBindings.php(41): Illuminate\\Routing\\Pipeline->Illuminate\\Routing\\{closure}(Object(Dingo\\Api\\Http\\Request))
#19 /home/vagrant/Code/BFERP/vendor/laravel/framework/src/Illuminate/Pipeline/Pipeline.php(149): Illuminate\\Routing\\Middleware\\SubstituteBindings->handle(Object(Dingo\\Api\\Http\\Request), Object(Closure))
#20 /home/vagrant/Code/BFERP/vendor/laravel/framework/src/Illuminate/Routing/Pipeline.php(53): Illuminate\\Pipeline\\Pipeline->Illuminate\\Pipeline\\{closure}(Object(Dingo\\Api\\Http\\Request))
#21 /home/vagrant/Code/BFERP/vendor/liyu/dingo-serializer-switch/src/SerializerSwitch.php(44): Illuminate\\Routing\\Pipeline->Illuminate\\Routing\\{closure}(Object(Dingo\\Api\\Http\\Request))
#22 /home/vagrant/Code/BFERP/vendor/laravel/framework/src/Illuminate/Pipeline/Pipeline.php(149): Liyu\\Dingo\\SerializerSwitch->handle(Object(Dingo\\Api\\Http\\Request), Object(Closure), 'array')
#23 /home/vagrant/Code/BFERP/vendor/laravel/framework/src/Illuminate/Routing/Pipeline.php(53): Illuminate\\Pipeline\\Pipeline->Illuminate\\Pipeline\\{closure}(Object(Dingo\\Api\\Http\\Request))
#24 /home/vagrant/Code/BFERP/vendor/dingo/api/src/Http/Middleware/PrepareController.php(45): Illuminate\\Routing\\Pipeline->Illuminate\\Routing\\{closure}(Object(Dingo\\Api\\Http\\Request))
#25 /home/vagrant/Code/BFERP/vendor/laravel/framework/src/Illuminate/Pipeline/Pipeline.php(149): Dingo\\Api\\Http\\Middleware\\PrepareController->handle(Object(Dingo\\Api\\Http\\Request), Object(Closure))
#26 /home/vagrant/Code/BFERP/vendor/laravel/framework/src/Illuminate/Routing/Pipeline.php(53): Illuminate\\Pipeline\\Pipeline->Illuminate\\Pipeline\\{closure}(Object(Dingo\\Api\\Http\\Request))
#27 /home/vagrant/Code/BFERP/vendor/laravel/framework/src/Illuminate/Pipeline/Pipeline.php(102): Illuminate\\Routing\\Pipeline->Illuminate\\Routing\\{closure}(Object(Dingo\\Api\\Http\\Request))
#28 /home/vagrant/Code/BFERP/vendor/laravel/framework/src/Illuminate/Routing/Router.php(660): Illuminate\\Pipeline\\Pipeline->then(Object(Closure))
#29 /home/vagrant/Code/BFERP/vendor/laravel/framework/src/Illuminate/Routing/Router.php(635): Illuminate\\Routing\\Router->runRouteWithinStack(Object(Illuminate\\Routing\\Route), Object(Dingo\\Api\\Http\\Request))
#30 /home/vagrant/Code/BFERP/vendor/laravel/framework/src/Illuminate/Routing/Router.php(601): Illuminate\\Routing\\Router->runRoute(Object(Dingo\\Api\\Http\\Request), Object(Illuminate\\Routing\\Route))
#31 /home/vagrant/Code/BFERP/vendor/laravel/framework/src/Illuminate/Routing/Router.php(590): Illuminate\\Routing\\Router->dispatchToRoute(Object(Dingo\\Api\\Http\\Request))
#32 /home/vagrant/Code/BFERP/vendor/dingo/api/src/Routing/Adapter/Laravel.php(81): Illuminate\\Routing\\Router->dispatch(Object(Dingo\\Api\\Http\\Request))
#33 /home/vagrant/Code/BFERP/vendor/dingo/api/src/Routing/Router.php(512): Dingo\\Api\\Routing\\Adapter\\Laravel->dispatch(Object(Dingo\\Api\\Http\\Request), 'v1')
#34 /home/vagrant/Code/BFERP/vendor/dingo/api/src/Http/Middleware/Request.php(126): Dingo\\Api\\Routing\\Router->dispatch(Object(Dingo\\Api\\Http\\Request))
#35 /home/vagrant/Code/BFERP/vendor/laravel/framework/src/Illuminate/Pipeline/Pipeline.php(114): Dingo\\Api\\Http\\Middleware\\Request->Dingo\\Api\\Http\\Middleware\\{closure}(Object(Dingo\\Api\\Http\\Request))
#36 /home/vagrant/Code/BFERP/vendor/barryvdh/laravel-debugbar/src/Middleware/InjectDebugbar.php(58): Illuminate\\Pipeline\\Pipeline->Illuminate\\Pipeline\\{closure}(Object(Dingo\\Api\\Http\\Request))
#37 /home/vagrant/Code/BFERP/vendor/laravel/framework/src/Illuminate/Pipeline/Pipeline.php(149): Barryvdh\\Debugbar\\Middleware\\InjectDebugbar->handle(Object(Dingo\\Api\\Http\\Request), Object(Closure))
#38 /home/vagrant/Code/BFERP/vendor/fideloper/proxy/src/TrustProxies.php(56): Illuminate\\Pipeline\\Pipeline->Illuminate\\Pipeline\\{closure}(Object(Dingo\\Api\\Http\\Request))
#39 /home/vagrant/Code/BFERP/vendor/laravel/framework/src/Illuminate/Pipeline/Pipeline.php(149): Fideloper\\Proxy\\TrustProxies->handle(Object(Dingo\\Api\\Http\\Request), Object(Closure))
#40 /home/vagrant/Code/BFERP/vendor/laravel/framework/src/Illuminate/Foundation/Http/Middleware/TransformsRequest.php(30): Illuminate\\Pipeline\\Pipeline->Illuminate\\Pipeline\\{closure}(Object(Dingo\\Api\\Http\\Request))
#41 /home/vagrant/Code/BFERP/vendor/laravel/framework/src/Illuminate/Pipeline/Pipeline.php(149): Illuminate\\Foundation\\Http\\Middleware\\TransformsRequest->handle(Object(Dingo\\Api\\Http\\Request), Object(Closure))
#42 /home/vagrant/Code/BFERP/vendor/laravel/framework/src/Illuminate/Foundation/Http/Middleware/ValidatePostSize.php(27): Illuminate\\Pipeline\\Pipeline->Illuminate\\Pipeline\\{closure}(Object(Dingo\\Api\\Http\\Request))
#43 /home/vagrant/Code/BFERP/vendor/laravel/framework/src/Illuminate/Pipeline/Pipeline.php(149): Illuminate\\Foundation\\Http\\Middleware\\ValidatePostSize->handle(Object(Dingo\\Api\\Http\\Request), Object(Closure))
#44 /home/vagrant/Code/BFERP/vendor/laravel/framework/src/Illuminate/Foundation/Http/Middleware/CheckForMaintenanceMode.php(46): Illuminate\\Pipeline\\Pipeline->Illuminate\\Pipeline\\{closure}(Object(Dingo\\Api\\Http\\Request))
#45 /home/vagrant/Code/BFERP/vendor/laravel/framework/src/Illuminate/Pipeline/Pipeline.php(149): Illuminate\\Foundation\\Http\\Middleware\\CheckForMaintenanceMode->handle(Object(Dingo\\Api\\Http\\Request), Object(Closure))
#46 /home/vagrant/Code/BFERP/vendor/laravel/framework/src/Illuminate/Pipeline/Pipeline.php(102): Illuminate\\Pipeline\\Pipeline->Illuminate\\Pipeline\\{closure}(Object(Dingo\\Api\\Http\\Request))
#47 /home/vagrant/Code/BFERP/vendor/dingo/api/src/Http/Middleware/Request.php(127): Illuminate\\Pipeline\\Pipeline->then(Object(Closure))
#48 /home/vagrant/Code/BFERP/vendor/dingo/api/src/Http/Middleware/Request.php(103): Dingo\\Api\\Http\\Middleware\\Request->sendRequestThroughRouter(Object(Dingo\\Api\\Http\\Request))
#49 /home/vagrant/Code/BFERP/vendor/laravel/framework/src/Illuminate/Pipeline/Pipeline.php(149): Dingo\\Api\\Http\\Middleware\\Request->handle(Object(Dingo\\Api\\Http\\Request), Object(Closure))
#50 /home/vagrant/Code/BFERP/vendor/laravel/framework/src/Illuminate/Routing/Pipeline.php(53): Illuminate\\Pipeline\\Pipeline->Illuminate\\Pipeline\\{closure}(Object(Illuminate\\Http\\Request))
#51 /home/vagrant/Code/BFERP/vendor/laravel/framework/src/Illuminate/Pipeline/Pipeline.php(102): Illuminate\\Routing\\Pipeline->Illuminate\\Routing\\{closure}(Object(Illuminate\\Http\\Request))
#52 /home/vagrant/Code/BFERP/vendor/laravel/framework/src/Illuminate/Foundation/Http/Kernel.php(151): Illuminate\\Pipeline\\Pipeline->then(Object(Closure))
#53 /home/vagrant/Code/BFERP/vendor/laravel/framework/src/Illuminate/Foundation/Http/Kernel.php(116): Illuminate\\Foundation\\Http\\Kernel->sendRequestThroughRouter(Object(Illuminate\\Http\\Request))
#54 /home/vagrant/Code/BFERP/public/index.php(55): Illuminate\\Foundation\\Http\\Kernel->handle(Object(Illuminate\\Http\\Request))
#55 {main}
"} 
[2019-04-20 15:41:26] local.ERROR: SQLSTATE[42S22]: Column not found: 1054 Unknown column 'locker_id' in 'field list' (SQL: update `cmptn_orders` set `updated_at` = 2019-04-20 15:41:26, `locker_id` = 0, `order_status` = 20 where `id` = 20) {"userId":1,"email":"1223@bf.com","exception":"[object] (Illuminate\\Database\\QueryException(code: 42S22): SQLSTATE[42S22]: Column not found: 1054 Unknown column 'locker_id' in 'field list' (SQL: update `cmptn_orders` set `updated_at` = 2019-04-20 15:41:26, `locker_id` = 0, `order_status` = 20 where `id` = 20) at /home/vagrant/Code/BFERP/vendor/laravel/framework/src/Illuminate/Database/Connection.php:664, Doctrine\\DBAL\\Driver\\PDOException(code: 42S22): SQLSTATE[42S22]: Column not found: 1054 Unknown column 'locker_id' in 'field list' at /home/vagrant/Code/BFERP/vendor/doctrine/dbal/lib/Doctrine/DBAL/Driver/PDOConnection.php:63, PDOException(code: 42S22): SQLSTATE[42S22]: Column not found: 1054 Unknown column 'locker_id' in 'field list' at /home/vagrant/Code/BFERP/vendor/doctrine/dbal/lib/Doctrine/DBAL/Driver/PDOConnection.php:61)
[stacktrace]
#0 /home/vagrant/Code/BFERP/vendor/laravel/framework/src/Illuminate/Database/Connection.php(624): Illuminate\\Database\\Connection->runQueryCallback('update `cmptn_o...', Array, Object(Closure))
#1 /home/vagrant/Code/BFERP/vendor/laravel/framework/src/Illuminate/Database/Connection.php(490): Illuminate\\Database\\Connection->run('update `cmptn_o...', Array, Object(Closure))
#2 /home/vagrant/Code/BFERP/vendor/laravel/framework/src/Illuminate/Database/Connection.php(423): Illuminate\\Database\\Connection->affectingStatement('update `cmptn_o...', Array)
#3 /home/vagrant/Code/BFERP/vendor/laravel/framework/src/Illuminate/Database/Query/Builder.php(2173): Illuminate\\Database\\Connection->update('update `cmptn_o...', Array)
#4 /home/vagrant/Code/BFERP/vendor/laravel/framework/src/Illuminate/Database/Eloquent/Builder.php(780): Illuminate\\Database\\Query\\Builder->update(Array)
#5 /home/vagrant/Code/BFERP/vendor/laravel/framework/src/Illuminate/Database/Eloquent/Model.php(628): Illuminate\\Database\\Eloquent\\Builder->update(Array)
#6 /home/vagrant/Code/BFERP/vendor/laravel/framework/src/Illuminate/Database/Eloquent/Model.php(543): Illuminate\\Database\\Eloquent\\Model->performUpdate(Object(Illuminate\\Database\\Eloquent\\Builder))
#7 /home/vagrant/Code/BFERP/app/Models/AfterCompensationOrder.php(182): Illuminate\\Database\\Eloquent\\Model->save()
#8 /home/vagrant/Code/BFERP/app/Http/Controllers/Traits/ProcedureTrait.php(24): App\\Models\\AfterCompensationOrder->audit(NULL)
#9 /home/vagrant/Code/BFERP/app/Http/Controllers/Api/AfterCompensationController.php(823): App\\Http\\Controllers\\Api\\AfterCompensationController->traitAction(Object(App\\Models\\AfterCompensationOrder), false, '\\xE5\\xAE\\xA2\\xE5\\xAE\\xA1\\xE5\\x87\\xBA\\xE9\\x94\\x99', 'audit')
#10 [internal function]: App\\Http\\Controllers\\Api\\AfterCompensationController->isAudit(Object(App\\Models\\AfterCompensationOrder))
#11 /home/vagrant/Code/BFERP/vendor/laravel/framework/src/Illuminate/Routing/Controller.php(54): call_user_func_array(Array, Array)
#12 /home/vagrant/Code/BFERP/vendor/laravel/framework/src/Illuminate/Routing/ControllerDispatcher.php(45): Illuminate\\Routing\\Controller->callAction('isAudit', Array)
#13 /home/vagrant/Code/BFERP/vendor/laravel/framework/src/Illuminate/Routing/Route.php(212): Illuminate\\Routing\\ControllerDispatcher->dispatch(Object(Illuminate\\Routing\\Route), Object(App\\Http\\Controllers\\Api\\AfterCompensationController), 'isAudit')
#14 /home/vagrant/Code/BFERP/vendor/laravel/framework/src/Illuminate/Routing/Route.php(169): Illuminate\\Routing\\Route->runController()
#15 /home/vagrant/Code/BFERP/vendor/laravel/framework/src/Illuminate/Routing/Router.php(658): Illuminate\\Routing\\Route->run()
#16 /home/vagrant/Code/BFERP/vendor/laravel/framework/src/Illuminate/Routing/Pipeline.php(30): Illuminate\\Routing\\Router->Illuminate\\Routing\\{closure}(Object(Dingo\\Api\\Http\\Request))
#17 /home/vagrant/Code/BFERP/vendor/laravel/framework/src/Illuminate/Foundation/Http/Middleware/TransformsRequest.php(30): Illuminate\\Routing\\Pipeline->Illuminate\\Routing\\{closure}(Object(Dingo\\Api\\Http\\Request))
#18 /home/vagrant/Code/BFERP/vendor/laravel/framework/src/Illuminate/Pipeline/Pipeline.php(149): Illuminate\\Foundation\\Http\\Middleware\\TransformsRequest->handle(Object(Dingo\\Api\\Http\\Request), Object(Closure))
#19 /home/vagrant/Code/BFERP/vendor/laravel/framework/src/Illuminate/Routing/Pipeline.php(53): Illuminate\\Pipeline\\Pipeline->Illuminate\\Pipeline\\{closure}(Object(Dingo\\Api\\Http\\Request))
#20 /home/vagrant/Code/BFERP/app/Http/Middleware/RefreshToken.php(31): Illuminate\\Routing\\Pipeline->Illuminate\\Routing\\{closure}(Object(Dingo\\Api\\Http\\Request))
#21 /home/vagrant/Code/BFERP/vendor/laravel/framework/src/Illuminate/Pipeline/Pipeline.php(149): App\\Http\\Middleware\\RefreshToken->handle(Object(Dingo\\Api\\Http\\Request), Object(Closure))
#22 /home/vagrant/Code/BFERP/vendor/laravel/framework/src/Illuminate/Routing/Pipeline.php(53): Illuminate\\Pipeline\\Pipeline->Illuminate\\Pipeline\\{closure}(Object(Dingo\\Api\\Http\\Request))
#23 /home/vagrant/Code/BFERP/vendor/dingo/api/src/Http/Middleware/RateLimit.php(70): Illuminate\\Routing\\Pipeline->Illuminate\\Routing\\{closure}(Object(Dingo\\Api\\Http\\Request))
#24 /home/vagrant/Code/BFERP/vendor/laravel/framework/src/Illuminate/Pipeline/Pipeline.php(149): Dingo\\Api\\Http\\Middleware\\RateLimit->handle(Object(Dingo\\Api\\Http\\Request), Object(Closure))
#25 /home/vagrant/Code/BFERP/vendor/laravel/framework/src/Illuminate/Routing/Pipeline.php(53): Illuminate\\Pipeline\\Pipeline->Illuminate\\Pipeline\\{closure}(Object(Dingo\\Api\\Http\\Request))
#26 /home/vagrant/Code/BFERP/vendor/laravel/framework/src/Illuminate/Routing/Middleware/SubstituteBindings.php(41): Illuminate\\Routing\\Pipeline->Illuminate\\Routing\\{closure}(Object(Dingo\\Api\\Http\\Request))
#27 /home/vagrant/Code/BFERP/vendor/laravel/framework/src/Illuminate/Pipeline/Pipeline.php(149): Illuminate\\Routing\\Middleware\\SubstituteBindings->handle(Object(Dingo\\Api\\Http\\Request), Object(Closure))
#28 /home/vagrant/Code/BFERP/vendor/laravel/framework/src/Illuminate/Routing/Pipeline.php(53): Illuminate\\Pipeline\\Pipeline->Illuminate\\Pipeline\\{closure}(Object(Dingo\\Api\\Http\\Request))
#29 /home/vagrant/Code/BFERP/vendor/liyu/dingo-serializer-switch/src/SerializerSwitch.php(44): Illuminate\\Routing\\Pipeline->Illuminate\\Routing\\{closure}(Object(Dingo\\Api\\Http\\Request))
#30 /home/vagrant/Code/BFERP/vendor/laravel/framework/src/Illuminate/Pipeline/Pipeline.php(149): Liyu\\Dingo\\SerializerSwitch->handle(Object(Dingo\\Api\\Http\\Request), Object(Closure), 'array')
#31 /home/vagrant/Code/BFERP/vendor/laravel/framework/src/Illuminate/Routing/Pipeline.php(53): Illuminate\\Pipeline\\Pipeline->Illuminate\\Pipeline\\{closure}(Object(Dingo\\Api\\Http\\Request))
#32 /home/vagrant/Code/BFERP/vendor/dingo/api/src/Http/Middleware/PrepareController.php(45): Illuminate\\Routing\\Pipeline->Illuminate\\Routing\\{closure}(Object(Dingo\\Api\\Http\\Request))
#33 /home/vagrant/Code/BFERP/vendor/laravel/framework/src/Illuminate/Pipeline/Pipeline.php(149): Dingo\\Api\\Http\\Middleware\\PrepareController->handle(Object(Dingo\\Api\\Http\\Request), Object(Closure))
#34 /home/vagrant/Code/BFERP/vendor/laravel/framework/src/Illuminate/Routing/Pipeline.php(53): Illuminate\\Pipeline\\Pipeline->Illuminate\\Pipeline\\{closure}(Object(Dingo\\Api\\Http\\Request))
#35 /home/vagrant/Code/BFERP/vendor/laravel/framework/src/Illuminate/Pipeline/Pipeline.php(102): Illuminate\\Routing\\Pipeline->Illuminate\\Routing\\{closure}(Object(Dingo\\Api\\Http\\Request))
#36 /home/vagrant/Code/BFERP/vendor/laravel/framework/src/Illuminate/Routing/Router.php(660): Illuminate\\Pipeline\\Pipeline->then(Object(Closure))
#37 /home/vagrant/Code/BFERP/vendor/laravel/framework/src/Illuminate/Routing/Router.php(635): Illuminate\\Routing\\Router->runRouteWithinStack(Object(Illuminate\\Routing\\Route), Object(Dingo\\Api\\Http\\Request))
#38 /home/vagrant/Code/BFERP/vendor/laravel/framework/src/Illuminate/Routing/Router.php(601): Illuminate\\Routing\\Router->runRoute(Object(Dingo\\Api\\Http\\Request), Object(Illuminate\\Routing\\Route))
#39 /home/vagrant/Code/BFERP/vendor/laravel/framework/src/Illuminate/Routing/Router.php(590): Illuminate\\Routing\\Router->dispatchToRoute(Object(Dingo\\Api\\Http\\Request))
#40 /home/vagrant/Code/BFERP/vendor/dingo/api/src/Routing/Adapter/Laravel.php(81): Illuminate\\Routing\\Router->dispatch(Object(Dingo\\Api\\Http\\Request))
#41 /home/vagrant/Code/BFERP/vendor/dingo/api/src/Routing/Router.php(512): Dingo\\Api\\Routing\\Adapter\\Laravel->dispatch(Object(Dingo\\Api\\Http\\Request), 'v1')
#42 /home/vagrant/Code/BFERP/vendor/dingo/api/src/Http/Middleware/Request.php(126): Dingo\\Api\\Routing\\Router->dispatch(Object(Dingo\\Api\\Http\\Request))
#43 /home/vagrant/Code/BFERP/vendor/laravel/framework/src/Illuminate/Pipeline/Pipeline.php(114): Dingo\\Api\\Http\\Middleware\\Request->Dingo\\Api\\Http\\Middleware\\{closure}(Object(Dingo\\Api\\Http\\Request))
#44 /home/vagrant/Code/BFERP/vendor/barryvdh/laravel-debugbar/src/Middleware/InjectDebugbar.php(58): Illuminate\\Pipeline\\Pipeline->Illuminate\\Pipeline\\{closure}(Object(Dingo\\Api\\Http\\Request))
#45 /home/vagrant/Code/BFERP/vendor/laravel/framework/src/Illuminate/Pipeline/Pipeline.php(149): Barryvdh\\Debugbar\\Middleware\\InjectDebugbar->handle(Object(Dingo\\Api\\Http\\Request), Object(Closure))
#46 /home/vagrant/Code/BFERP/vendor/fideloper/proxy/src/TrustProxies.php(56): Illuminate\\Pipeline\\Pipeline->Illuminate\\Pipeline\\{closure}(Object(Dingo\\Api\\Http\\Request))
#47 /home/vagrant/Code/BFERP/vendor/laravel/framework/src/Illuminate/Pipeline/Pipeline.php(149): Fideloper\\Proxy\\TrustProxies->handle(Object(Dingo\\Api\\Http\\Request), Object(Closure))
#48 /home/vagrant/Code/BFERP/vendor/laravel/framework/src/Illuminate/Foundation/Http/Middleware/TransformsRequest.php(30): Illuminate\\Pipeline\\Pipeline->Illuminate\\Pipeline\\{closure}(Object(Dingo\\Api\\Http\\Request))
#49 /home/vagrant/Code/BFERP/vendor/laravel/framework/src/Illuminate/Pipeline/Pipeline.php(149): Illuminate\\Foundation\\Http\\Middleware\\TransformsRequest->handle(Object(Dingo\\Api\\Http\\Request), Object(Closure))
#50 /home/vagrant/Code/BFERP/vendor/laravel/framework/src/Illuminate/Foundation/Http/Middleware/ValidatePostSize.php(27): Illuminate\\Pipeline\\Pipeline->Illuminate\\Pipeline\\{closure}(Object(Dingo\\Api\\Http\\Request))
#51 /home/vagrant/Code/BFERP/vendor/laravel/framework/src/Illuminate/Pipeline/Pipeline.php(149): Illuminate\\Foundation\\Http\\Middleware\\ValidatePostSize->handle(Object(Dingo\\Api\\Http\\Request), Object(Closure))
#52 /home/vagrant/Code/BFERP/vendor/laravel/framework/src/Illuminate/Foundation/Http/Middleware/CheckForMaintenanceMode.php(46): Illuminate\\Pipeline\\Pipeline->Illuminate\\Pipeline\\{closure}(Object(Dingo\\Api\\Http\\Request))
#53 /home/vagrant/Code/BFERP/vendor/laravel/framework/src/Illuminate/Pipeline/Pipeline.php(149): Illuminate\\Foundation\\Http\\Middleware\\CheckForMaintenanceMode->handle(Object(Dingo\\Api\\Http\\Request), Object(Closure))
#54 /home/vagrant/Code/BFERP/vendor/laravel/framework/src/Illuminate/Pipeline/Pipeline.php(102): Illuminate\\Pipeline\\Pipeline->Illuminate\\Pipeline\\{closure}(Object(Dingo\\Api\\Http\\Request))
#55 /home/vagrant/Code/BFERP/vendor/dingo/api/src/Http/Middleware/Request.php(127): Illuminate\\Pipeline\\Pipeline->then(Object(Closure))
#56 /home/vagrant/Code/BFERP/vendor/dingo/api/src/Http/Middleware/Request.php(103): Dingo\\Api\\Http\\Middleware\\Request->sendRequestThroughRouter(Object(Dingo\\Api\\Http\\Request))
#57 /home/vagrant/Code/BFERP/vendor/laravel/framework/src/Illuminate/Pipeline/Pipeline.php(149): Dingo\\Api\\Http\\Middleware\\Request->handle(Object(Dingo\\Api\\Http\\Request), Object(Closure))
#58 /home/vagrant/Code/BFERP/vendor/laravel/framework/src/Illuminate/Routing/Pipeline.php(53): Illuminate\\Pipeline\\Pipeline->Illuminate\\Pipeline\\{closure}(Object(Illuminate\\Http\\Request))
#59 /home/vagrant/Code/BFERP/vendor/laravel/framework/src/Illuminate/Pipeline/Pipeline.php(102): Illuminate\\Routing\\Pipeline->Illuminate\\Routing\\{closure}(Object(Illuminate\\Http\\Request))
#60 /home/vagrant/Code/BFERP/vendor/laravel/framework/src/Illuminate/Foundation/Http/Kernel.php(151): Illuminate\\Pipeline\\Pipeline->then(Object(Closure))
#61 /home/vagrant/Code/BFERP/vendor/laravel/framework/src/Illuminate/Foundation/Http/Kernel.php(116): Illuminate\\Foundation\\Http\\Kernel->sendRequestThroughRouter(Object(Illuminate\\Http\\Request))
#62 /home/vagrant/Code/BFERP/public/index.php(55): Illuminate\\Foundation\\Http\\Kernel->handle(Object(Illuminate\\Http\\Request))
#63 {main}
"} 
[2019-04-20 15:43:06] local.ERROR: SQLSTATE[42S22]: Column not found: 1054 Unknown column 'order_status' in 'field list' (SQL: update `cmptn_orders` set `updated_at` = 2019-04-20 15:43:06, `order_status` = 20 where `id` = 20) {"userId":1,"email":"1223@bf.com","exception":"[object] (Illuminate\\Database\\QueryException(code: 42S22): SQLSTATE[42S22]: Column not found: 1054 Unknown column 'order_status' in 'field list' (SQL: update `cmptn_orders` set `updated_at` = 2019-04-20 15:43:06, `order_status` = 20 where `id` = 20) at /home/vagrant/Code/BFERP/vendor/laravel/framework/src/Illuminate/Database/Connection.php:664, Doctrine\\DBAL\\Driver\\PDOException(code: 42S22): SQLSTATE[42S22]: Column not found: 1054 Unknown column 'order_status' in 'field list' at /home/vagrant/Code/BFERP/vendor/doctrine/dbal/lib/Doctrine/DBAL/Driver/PDOConnection.php:63, PDOException(code: 42S22): SQLSTATE[42S22]: Column not found: 1054 Unknown column 'order_status' in 'field list' at /home/vagrant/Code/BFERP/vendor/doctrine/dbal/lib/Doctrine/DBAL/Driver/PDOConnection.php:61)
[stacktrace]
#0 /home/vagrant/Code/BFERP/vendor/laravel/framework/src/Illuminate/Database/Connection.php(624): Illuminate\\Database\\Connection->runQueryCallback('update `cmptn_o...', Array, Object(Closure))
#1 /home/vagrant/Code/BFERP/vendor/laravel/framework/src/Illuminate/Database/Connection.php(490): Illuminate\\Database\\Connection->run('update `cmptn_o...', Array, Object(Closure))
#2 /home/vagrant/Code/BFERP/vendor/laravel/framework/src/Illuminate/Database/Connection.php(423): Illuminate\\Database\\Connection->affectingStatement('update `cmptn_o...', Array)
#3 /home/vagrant/Code/BFERP/vendor/laravel/framework/src/Illuminate/Database/Query/Builder.php(2173): Illuminate\\Database\\Connection->update('update `cmptn_o...', Array)
#4 /home/vagrant/Code/BFERP/vendor/laravel/framework/src/Illuminate/Database/Eloquent/Builder.php(780): Illuminate\\Database\\Query\\Builder->update(Array)
#5 /home/vagrant/Code/BFERP/vendor/laravel/framework/src/Illuminate/Database/Eloquent/Model.php(628): Illuminate\\Database\\Eloquent\\Builder->update(Array)
#6 /home/vagrant/Code/BFERP/vendor/laravel/framework/src/Illuminate/Database/Eloquent/Model.php(543): Illuminate\\Database\\Eloquent\\Model->performUpdate(Object(Illuminate\\Database\\Eloquent\\Builder))
#7 /home/vagrant/Code/BFERP/app/Models/AfterCompensationOrder.php(181): Illuminate\\Database\\Eloquent\\Model->save()
#8 /home/vagrant/Code/BFERP/app/Http/Controllers/Traits/ProcedureTrait.php(24): App\\Models\\AfterCompensationOrder->audit(NULL)
#9 /home/vagrant/Code/BFERP/app/Http/Controllers/Api/AfterCompensationController.php(823): App\\Http\\Controllers\\Api\\AfterCompensationController->traitAction(Object(App\\Models\\AfterCompensationOrder), false, '\\xE5\\xAE\\xA2\\xE5\\xAE\\xA1\\xE5\\x87\\xBA\\xE9\\x94\\x99', 'audit')
#10 [internal function]: App\\Http\\Controllers\\Api\\AfterCompensationController->isAudit(Object(App\\Models\\AfterCompensationOrder))
#11 /home/vagrant/Code/BFERP/vendor/laravel/framework/src/Illuminate/Routing/Controller.php(54): call_user_func_array(Array, Array)
#12 /home/vagrant/Code/BFERP/vendor/laravel/framework/src/Illuminate/Routing/ControllerDispatcher.php(45): Illuminate\\Routing\\Controller->callAction('isAudit', Array)
#13 /home/vagrant/Code/BFERP/vendor/laravel/framework/src/Illuminate/Routing/Route.php(212): Illuminate\\Routing\\ControllerDispatcher->dispatch(Object(Illuminate\\Routing\\Route), Object(App\\Http\\Controllers\\Api\\AfterCompensationController), 'isAudit')
#14 /home/vagrant/Code/BFERP/vendor/laravel/framework/src/Illuminate/Routing/Route.php(169): Illuminate\\Routing\\Route->runController()
#15 /home/vagrant/Code/BFERP/vendor/laravel/framework/src/Illuminate/Routing/Router.php(658): Illuminate\\Routing\\Route->run()
#16 /home/vagrant/Code/BFERP/vendor/laravel/framework/src/Illuminate/Routing/Pipeline.php(30): Illuminate\\Routing\\Router->Illuminate\\Routing\\{closure}(Object(Dingo\\Api\\Http\\Request))
#17 /home/vagrant/Code/BFERP/vendor/laravel/framework/src/Illuminate/Foundation/Http/Middleware/TransformsRequest.php(30): Illuminate\\Routing\\Pipeline->Illuminate\\Routing\\{closure}(Object(Dingo\\Api\\Http\\Request))
#18 /home/vagrant/Code/BFERP/vendor/laravel/framework/src/Illuminate/Pipeline/Pipeline.php(149): Illuminate\\Foundation\\Http\\Middleware\\TransformsRequest->handle(Object(Dingo\\Api\\Http\\Request), Object(Closure))
#19 /home/vagrant/Code/BFERP/vendor/laravel/framework/src/Illuminate/Routing/Pipeline.php(53): Illuminate\\Pipeline\\Pipeline->Illuminate\\Pipeline\\{closure}(Object(Dingo\\Api\\Http\\Request))
#20 /home/vagrant/Code/BFERP/app/Http/Middleware/RefreshToken.php(31): Illuminate\\Routing\\Pipeline->Illuminate\\Routing\\{closure}(Object(Dingo\\Api\\Http\\Request))
#21 /home/vagrant/Code/BFERP/vendor/laravel/framework/src/Illuminate/Pipeline/Pipeline.php(149): App\\Http\\Middleware\\RefreshToken->handle(Object(Dingo\\Api\\Http\\Request), Object(Closure))
#22 /home/vagrant/Code/BFERP/vendor/laravel/framework/src/Illuminate/Routing/Pipeline.php(53): Illuminate\\Pipeline\\Pipeline->Illuminate\\Pipeline\\{closure}(Object(Dingo\\Api\\Http\\Request))
#23 /home/vagrant/Code/BFERP/vendor/dingo/api/src/Http/Middleware/RateLimit.php(70): Illuminate\\Routing\\Pipeline->Illuminate\\Routing\\{closure}(Object(Dingo\\Api\\Http\\Request))
#24 /home/vagrant/Code/BFERP/vendor/laravel/framework/src/Illuminate/Pipeline/Pipeline.php(149): Dingo\\Api\\Http\\Middleware\\RateLimit->handle(Object(Dingo\\Api\\Http\\Request), Object(Closure))
#25 /home/vagrant/Code/BFERP/vendor/laravel/framework/src/Illuminate/Routing/Pipeline.php(53): Illuminate\\Pipeline\\Pipeline->Illuminate\\Pipeline\\{closure}(Object(Dingo\\Api\\Http\\Request))
#26 /home/vagrant/Code/BFERP/vendor/laravel/framework/src/Illuminate/Routing/Middleware/SubstituteBindings.php(41): Illuminate\\Routing\\Pipeline->Illuminate\\Routing\\{closure}(Object(Dingo\\Api\\Http\\Request))
#27 /home/vagrant/Code/BFERP/vendor/laravel/framework/src/Illuminate/Pipeline/Pipeline.php(149): Illuminate\\Routing\\Middleware\\SubstituteBindings->handle(Object(Dingo\\Api\\Http\\Request), Object(Closure))
#28 /home/vagrant/Code/BFERP/vendor/laravel/framework/src/Illuminate/Routing/Pipeline.php(53): Illuminate\\Pipeline\\Pipeline->Illuminate\\Pipeline\\{closure}(Object(Dingo\\Api\\Http\\Request))
#29 /home/vagrant/Code/BFERP/vendor/liyu/dingo-serializer-switch/src/SerializerSwitch.php(44): Illuminate\\Routing\\Pipeline->Illuminate\\Routing\\{closure}(Object(Dingo\\Api\\Http\\Request))
#30 /home/vagrant/Code/BFERP/vendor/laravel/framework/src/Illuminate/Pipeline/Pipeline.php(149): Liyu\\Dingo\\SerializerSwitch->handle(Object(Dingo\\Api\\Http\\Request), Object(Closure), 'array')
#31 /home/vagrant/Code/BFERP/vendor/laravel/framework/src/Illuminate/Routing/Pipeline.php(53): Illuminate\\Pipeline\\Pipeline->Illuminate\\Pipeline\\{closure}(Object(Dingo\\Api\\Http\\Request))
#32 /home/vagrant/Code/BFERP/vendor/dingo/api/src/Http/Middleware/PrepareController.php(45): Illuminate\\Routing\\Pipeline->Illuminate\\Routing\\{closure}(Object(Dingo\\Api\\Http\\Request))
#33 /home/vagrant/Code/BFERP/vendor/laravel/framework/src/Illuminate/Pipeline/Pipeline.php(149): Dingo\\Api\\Http\\Middleware\\PrepareController->handle(Object(Dingo\\Api\\Http\\Request), Object(Closure))
#34 /home/vagrant/Code/BFERP/vendor/laravel/framework/src/Illuminate/Routing/Pipeline.php(53): Illuminate\\Pipeline\\Pipeline->Illuminate\\Pipeline\\{closure}(Object(Dingo\\Api\\Http\\Request))
#35 /home/vagrant/Code/BFERP/vendor/laravel/framework/src/Illuminate/Pipeline/Pipeline.php(102): Illuminate\\Routing\\Pipeline->Illuminate\\Routing\\{closure}(Object(Dingo\\Api\\Http\\Request))
#36 /home/vagrant/Code/BFERP/vendor/laravel/framework/src/Illuminate/Routing/Router.php(660): Illuminate\\Pipeline\\Pipeline->then(Object(Closure))
#37 /home/vagrant/Code/BFERP/vendor/laravel/framework/src/Illuminate/Routing/Router.php(635): Illuminate\\Routing\\Router->runRouteWithinStack(Object(Illuminate\\Routing\\Route), Object(Dingo\\Api\\Http\\Request))
#38 /home/vagrant/Code/BFERP/vendor/laravel/framework/src/Illuminate/Routing/Router.php(601): Illuminate\\Routing\\Router->runRoute(Object(Dingo\\Api\\Http\\Request), Object(Illuminate\\Routing\\Route))
#39 /home/vagrant/Code/BFERP/vendor/laravel/framework/src/Illuminate/Routing/Router.php(590): Illuminate\\Routing\\Router->dispatchToRoute(Object(Dingo\\Api\\Http\\Request))
#40 /home/vagrant/Code/BFERP/vendor/dingo/api/src/Routing/Adapter/Laravel.php(81): Illuminate\\Routing\\Router->dispatch(Object(Dingo\\Api\\Http\\Request))
#41 /home/vagrant/Code/BFERP/vendor/dingo/api/src/Routing/Router.php(512): Dingo\\Api\\Routing\\Adapter\\Laravel->dispatch(Object(Dingo\\Api\\Http\\Request), 'v1')
#42 /home/vagrant/Code/BFERP/vendor/dingo/api/src/Http/Middleware/Request.php(126): Dingo\\Api\\Routing\\Router->dispatch(Object(Dingo\\Api\\Http\\Request))
#43 /home/vagrant/Code/BFERP/vendor/laravel/framework/src/Illuminate/Pipeline/Pipeline.php(114): Dingo\\Api\\Http\\Middleware\\Request->Dingo\\Api\\Http\\Middleware\\{closure}(Object(Dingo\\Api\\Http\\Request))
#44 /home/vagrant/Code/BFERP/vendor/barryvdh/laravel-debugbar/src/Middleware/InjectDebugbar.php(58): Illuminate\\Pipeline\\Pipeline->Illuminate\\Pipeline\\{closure}(Object(Dingo\\Api\\Http\\Request))
#45 /home/vagrant/Code/BFERP/vendor/laravel/framework/src/Illuminate/Pipeline/Pipeline.php(149): Barryvdh\\Debugbar\\Middleware\\InjectDebugbar->handle(Object(Dingo\\Api\\Http\\Request), Object(Closure))
#46 /home/vagrant/Code/BFERP/vendor/fideloper/proxy/src/TrustProxies.php(56): Illuminate\\Pipeline\\Pipeline->Illuminate\\Pipeline\\{closure}(Object(Dingo\\Api\\Http\\Request))
#47 /home/vagrant/Code/BFERP/vendor/laravel/framework/src/Illuminate/Pipeline/Pipeline.php(149): Fideloper\\Proxy\\TrustProxies->handle(Object(Dingo\\Api\\Http\\Request), Object(Closure))
#48 /home/vagrant/Code/BFERP/vendor/laravel/framework/src/Illuminate/Foundation/Http/Middleware/TransformsRequest.php(30): Illuminate\\Pipeline\\Pipeline->Illuminate\\Pipeline\\{closure}(Object(Dingo\\Api\\Http\\Request))
#49 /home/vagrant/Code/BFERP/vendor/laravel/framework/src/Illuminate/Pipeline/Pipeline.php(149): Illuminate\\Foundation\\Http\\Middleware\\TransformsRequest->handle(Object(Dingo\\Api\\Http\\Request), Object(Closure))
#50 /home/vagrant/Code/BFERP/vendor/laravel/framework/src/Illuminate/Foundation/Http/Middleware/ValidatePostSize.php(27): Illuminate\\Pipeline\\Pipeline->Illuminate\\Pipeline\\{closure}(Object(Dingo\\Api\\Http\\Request))
#51 /home/vagrant/Code/BFERP/vendor/laravel/framework/src/Illuminate/Pipeline/Pipeline.php(149): Illuminate\\Foundation\\Http\\Middleware\\ValidatePostSize->handle(Object(Dingo\\Api\\Http\\Request), Object(Closure))
#52 /home/vagrant/Code/BFERP/vendor/laravel/framework/src/Illuminate/Foundation/Http/Middleware/CheckForMaintenanceMode.php(46): Illuminate\\Pipeline\\Pipeline->Illuminate\\Pipeline\\{closure}(Object(Dingo\\Api\\Http\\Request))
#53 /home/vagrant/Code/BFERP/vendor/laravel/framework/src/Illuminate/Pipeline/Pipeline.php(149): Illuminate\\Foundation\\Http\\Middleware\\CheckForMaintenanceMode->handle(Object(Dingo\\Api\\Http\\Request), Object(Closure))
#54 /home/vagrant/Code/BFERP/vendor/laravel/framework/src/Illuminate/Pipeline/Pipeline.php(102): Illuminate\\Pipeline\\Pipeline->Illuminate\\Pipeline\\{closure}(Object(Dingo\\Api\\Http\\Request))
#55 /home/vagrant/Code/BFERP/vendor/dingo/api/src/Http/Middleware/Request.php(127): Illuminate\\Pipeline\\Pipeline->then(Object(Closure))
#56 /home/vagrant/Code/BFERP/vendor/dingo/api/src/Http/Middleware/Request.php(103): Dingo\\Api\\Http\\Middleware\\Request->sendRequestThroughRouter(Object(Dingo\\Api\\Http\\Request))
#57 /home/vagrant/Code/BFERP/vendor/laravel/framework/src/Illuminate/Pipeline/Pipeline.php(149): Dingo\\Api\\Http\\Middleware\\Request->handle(Object(Dingo\\Api\\Http\\Request), Object(Closure))
#58 /home/vagrant/Code/BFERP/vendor/laravel/framework/src/Illuminate/Routing/Pipeline.php(53): Illuminate\\Pipeline\\Pipeline->Illuminate\\Pipeline\\{closure}(Object(Illuminate\\Http\\Request))
#59 /home/vagrant/Code/BFERP/vendor/laravel/framework/src/Illuminate/Pipeline/Pipeline.php(102): Illuminate\\Routing\\Pipeline->Illuminate\\Routing\\{closure}(Object(Illuminate\\Http\\Request))
#60 /home/vagrant/Code/BFERP/vendor/laravel/framework/src/Illuminate/Foundation/Http/Kernel.php(151): Illuminate\\Pipeline\\Pipeline->then(Object(Closure))
#61 /home/vagrant/Code/BFERP/vendor/laravel/framework/src/Illuminate/Foundation/Http/Kernel.php(116): Illuminate\\Foundation\\Http\\Kernel->sendRequestThroughRouter(Object(Illuminate\\Http\\Request))
#62 /home/vagrant/Code/BFERP/public/index.php(55): Illuminate\\Foundation\\Http\\Kernel->handle(Object(Illuminate\\Http\\Request))
#63 {main}
"} 
[2019-04-20 15:56:18] local.ERROR: Undefined class constant 'ORDER_STATUS_NEW' {"userId":1,"email":"1223@bf.com","exception":"[object] (Symfony\\Component\\Debug\\Exception\\FatalThrowableError(code: 0): Undefined class constant 'ORDER_STATUS_NEW' at /home/vagrant/Code/BFERP/app/Models/AfterCompensationOrder.php:190)
[stacktrace]
#0 /home/vagrant/Code/BFERP/app/Http/Controllers/Traits/ProcedureTrait.php(24): App\\Models\\AfterCompensationOrder->unAudit(NULL)
#1 /home/vagrant/Code/BFERP/app/Http/Controllers/Api/AfterCompensationController.php(845): App\\Http\\Controllers\\Api\\AfterCompensationController->traitAction(Object(App\\Models\\AfterCompensationOrder), false, '\\xE9\\x80\\x80\\xE5\\xAE\\xA1\\xE5\\x87\\xBA\\xE9\\x94\\x99', 'unAudit')
#2 [internal function]: App\\Http\\Controllers\\Api\\AfterCompensationController->isUnAudit(Object(App\\Models\\AfterCompensationOrder))
#3 /home/vagrant/Code/BFERP/vendor/laravel/framework/src/Illuminate/Routing/Controller.php(54): call_user_func_array(Array, Array)
#4 /home/vagrant/Code/BFERP/vendor/laravel/framework/src/Illuminate/Routing/ControllerDispatcher.php(45): Illuminate\\Routing\\Controller->callAction('isUnAudit', Array)
#5 /home/vagrant/Code/BFERP/vendor/laravel/framework/src/Illuminate/Routing/Route.php(212): Illuminate\\Routing\\ControllerDispatcher->dispatch(Object(Illuminate\\Routing\\Route), Object(App\\Http\\Controllers\\Api\\AfterCompensationController), 'isUnAudit')
#6 /home/vagrant/Code/BFERP/vendor/laravel/framework/src/Illuminate/Routing/Route.php(169): Illuminate\\Routing\\Route->runController()
#7 /home/vagrant/Code/BFERP/vendor/laravel/framework/src/Illuminate/Routing/Router.php(658): Illuminate\\Routing\\Route->run()
#8 /home/vagrant/Code/BFERP/vendor/laravel/framework/src/Illuminate/Routing/Pipeline.php(30): Illuminate\\Routing\\Router->Illuminate\\Routing\\{closure}(Object(Dingo\\Api\\Http\\Request))
#9 /home/vagrant/Code/BFERP/vendor/laravel/framework/src/Illuminate/Foundation/Http/Middleware/TransformsRequest.php(30): Illuminate\\Routing\\Pipeline->Illuminate\\Routing\\{closure}(Object(Dingo\\Api\\Http\\Request))
#10 /home/vagrant/Code/BFERP/vendor/laravel/framework/src/Illuminate/Pipeline/Pipeline.php(149): Illuminate\\Foundation\\Http\\Middleware\\TransformsRequest->handle(Object(Dingo\\Api\\Http\\Request), Object(Closure))
#11 /home/vagrant/Code/BFERP/vendor/laravel/framework/src/Illuminate/Routing/Pipeline.php(53): Illuminate\\Pipeline\\Pipeline->Illuminate\\Pipeline\\{closure}(Object(Dingo\\Api\\Http\\Request))
#12 /home/vagrant/Code/BFERP/app/Http/Middleware/RefreshToken.php(31): Illuminate\\Routing\\Pipeline->Illuminate\\Routing\\{closure}(Object(Dingo\\Api\\Http\\Request))
#13 /home/vagrant/Code/BFERP/vendor/laravel/framework/src/Illuminate/Pipeline/Pipeline.php(149): App\\Http\\Middleware\\RefreshToken->handle(Object(Dingo\\Api\\Http\\Request), Object(Closure))
#14 /home/vagrant/Code/BFERP/vendor/laravel/framework/src/Illuminate/Routing/Pipeline.php(53): Illuminate\\Pipeline\\Pipeline->Illuminate\\Pipeline\\{closure}(Object(Dingo\\Api\\Http\\Request))
#15 /home/vagrant/Code/BFERP/vendor/dingo/api/src/Http/Middleware/RateLimit.php(70): Illuminate\\Routing\\Pipeline->Illuminate\\Routing\\{closure}(Object(Dingo\\Api\\Http\\Request))
#16 /home/vagrant/Code/BFERP/vendor/laravel/framework/src/Illuminate/Pipeline/Pipeline.php(149): Dingo\\Api\\Http\\Middleware\\RateLimit->handle(Object(Dingo\\Api\\Http\\Request), Object(Closure))
#17 /home/vagrant/Code/BFERP/vendor/laravel/framework/src/Illuminate/Routing/Pipeline.php(53): Illuminate\\Pipeline\\Pipeline->Illuminate\\Pipeline\\{closure}(Object(Dingo\\Api\\Http\\Request))
#18 /home/vagrant/Code/BFERP/vendor/laravel/framework/src/Illuminate/Routing/Middleware/SubstituteBindings.php(41): Illuminate\\Routing\\Pipeline->Illuminate\\Routing\\{closure}(Object(Dingo\\Api\\Http\\Request))
#19 /home/vagrant/Code/BFERP/vendor/laravel/framework/src/Illuminate/Pipeline/Pipeline.php(149): Illuminate\\Routing\\Middleware\\SubstituteBindings->handle(Object(Dingo\\Api\\Http\\Request), Object(Closure))
#20 /home/vagrant/Code/BFERP/vendor/laravel/framework/src/Illuminate/Routing/Pipeline.php(53): Illuminate\\Pipeline\\Pipeline->Illuminate\\Pipeline\\{closure}(Object(Dingo\\Api\\Http\\Request))
#21 /home/vagrant/Code/BFERP/vendor/liyu/dingo-serializer-switch/src/SerializerSwitch.php(44): Illuminate\\Routing\\Pipeline->Illuminate\\Routing\\{closure}(Object(Dingo\\Api\\Http\\Request))
#22 /home/vagrant/Code/BFERP/vendor/laravel/framework/src/Illuminate/Pipeline/Pipeline.php(149): Liyu\\Dingo\\SerializerSwitch->handle(Object(Dingo\\Api\\Http\\Request), Object(Closure), 'array')
#23 /home/vagrant/Code/BFERP/vendor/laravel/framework/src/Illuminate/Routing/Pipeline.php(53): Illuminate\\Pipeline\\Pipeline->Illuminate\\Pipeline\\{closure}(Object(Dingo\\Api\\Http\\Request))
#24 /home/vagrant/Code/BFERP/vendor/dingo/api/src/Http/Middleware/PrepareController.php(45): Illuminate\\Routing\\Pipeline->Illuminate\\Routing\\{closure}(Object(Dingo\\Api\\Http\\Request))
#25 /home/vagrant/Code/BFERP/vendor/laravel/framework/src/Illuminate/Pipeline/Pipeline.php(149): Dingo\\Api\\Http\\Middleware\\PrepareController->handle(Object(Dingo\\Api\\Http\\Request), Object(Closure))
#26 /home/vagrant/Code/BFERP/vendor/laravel/framework/src/Illuminate/Routing/Pipeline.php(53): Illuminate\\Pipeline\\Pipeline->Illuminate\\Pipeline\\{closure}(Object(Dingo\\Api\\Http\\Request))
#27 /home/vagrant/Code/BFERP/vendor/laravel/framework/src/Illuminate/Pipeline/Pipeline.php(102): Illuminate\\Routing\\Pipeline->Illuminate\\Routing\\{closure}(Object(Dingo\\Api\\Http\\Request))
#28 /home/vagrant/Code/BFERP/vendor/laravel/framework/src/Illuminate/Routing/Router.php(660): Illuminate\\Pipeline\\Pipeline->then(Object(Closure))
#29 /home/vagrant/Code/BFERP/vendor/laravel/framework/src/Illuminate/Routing/Router.php(635): Illuminate\\Routing\\Router->runRouteWithinStack(Object(Illuminate\\Routing\\Route), Object(Dingo\\Api\\Http\\Request))
#30 /home/vagrant/Code/BFERP/vendor/laravel/framework/src/Illuminate/Routing/Router.php(601): Illuminate\\Routing\\Router->runRoute(Object(Dingo\\Api\\Http\\Request), Object(Illuminate\\Routing\\Route))
#31 /home/vagrant/Code/BFERP/vendor/laravel/framework/src/Illuminate/Routing/Router.php(590): Illuminate\\Routing\\Router->dispatchToRoute(Object(Dingo\\Api\\Http\\Request))
#32 /home/vagrant/Code/BFERP/vendor/dingo/api/src/Routing/Adapter/Laravel.php(81): Illuminate\\Routing\\Router->dispatch(Object(Dingo\\Api\\Http\\Request))
#33 /home/vagrant/Code/BFERP/vendor/dingo/api/src/Routing/Router.php(512): Dingo\\Api\\Routing\\Adapter\\Laravel->dispatch(Object(Dingo\\Api\\Http\\Request), 'v1')
#34 /home/vagrant/Code/BFERP/vendor/dingo/api/src/Http/Middleware/Request.php(126): Dingo\\Api\\Routing\\Router->dispatch(Object(Dingo\\Api\\Http\\Request))
#35 /home/vagrant/Code/BFERP/vendor/laravel/framework/src/Illuminate/Pipeline/Pipeline.php(114): Dingo\\Api\\Http\\Middleware\\Request->Dingo\\Api\\Http\\Middleware\\{closure}(Object(Dingo\\Api\\Http\\Request))
#36 /home/vagrant/Code/BFERP/vendor/barryvdh/laravel-debugbar/src/Middleware/InjectDebugbar.php(58): Illuminate\\Pipeline\\Pipeline->Illuminate\\Pipeline\\{closure}(Object(Dingo\\Api\\Http\\Request))
#37 /home/vagrant/Code/BFERP/vendor/laravel/framework/src/Illuminate/Pipeline/Pipeline.php(149): Barryvdh\\Debugbar\\Middleware\\InjectDebugbar->handle(Object(Dingo\\Api\\Http\\Request), Object(Closure))
#38 /home/vagrant/Code/BFERP/vendor/fideloper/proxy/src/TrustProxies.php(56): Illuminate\\Pipeline\\Pipeline->Illuminate\\Pipeline\\{closure}(Object(Dingo\\Api\\Http\\Request))
#39 /home/vagrant/Code/BFERP/vendor/laravel/framework/src/Illuminate/Pipeline/Pipeline.php(149): Fideloper\\Proxy\\TrustProxies->handle(Object(Dingo\\Api\\Http\\Request), Object(Closure))
#40 /home/vagrant/Code/BFERP/vendor/laravel/framework/src/Illuminate/Foundation/Http/Middleware/TransformsRequest.php(30): Illuminate\\Pipeline\\Pipeline->Illuminate\\Pipeline\\{closure}(Object(Dingo\\Api\\Http\\Request))
#41 /home/vagrant/Code/BFERP/vendor/laravel/framework/src/Illuminate/Pipeline/Pipeline.php(149): Illuminate\\Foundation\\Http\\Middleware\\TransformsRequest->handle(Object(Dingo\\Api\\Http\\Request), Object(Closure))
#42 /home/vagrant/Code/BFERP/vendor/laravel/framework/src/Illuminate/Foundation/Http/Middleware/ValidatePostSize.php(27): Illuminate\\Pipeline\\Pipeline->Illuminate\\Pipeline\\{closure}(Object(Dingo\\Api\\Http\\Request))
#43 /home/vagrant/Code/BFERP/vendor/laravel/framework/src/Illuminate/Pipeline/Pipeline.php(149): Illuminate\\Foundation\\Http\\Middleware\\ValidatePostSize->handle(Object(Dingo\\Api\\Http\\Request), Object(Closure))
#44 /home/vagrant/Code/BFERP/vendor/laravel/framework/src/Illuminate/Foundation/Http/Middleware/CheckForMaintenanceMode.php(46): Illuminate\\Pipeline\\Pipeline->Illuminate\\Pipeline\\{closure}(Object(Dingo\\Api\\Http\\Request))
#45 /home/vagrant/Code/BFERP/vendor/laravel/framework/src/Illuminate/Pipeline/Pipeline.php(149): Illuminate\\Foundation\\Http\\Middleware\\CheckForMaintenanceMode->handle(Object(Dingo\\Api\\Http\\Request), Object(Closure))
#46 /home/vagrant/Code/BFERP/vendor/laravel/framework/src/Illuminate/Pipeline/Pipeline.php(102): Illuminate\\Pipeline\\Pipeline->Illuminate\\Pipeline\\{closure}(Object(Dingo\\Api\\Http\\Request))
#47 /home/vagrant/Code/BFERP/vendor/dingo/api/src/Http/Middleware/Request.php(127): Illuminate\\Pipeline\\Pipeline->then(Object(Closure))
#48 /home/vagrant/Code/BFERP/vendor/dingo/api/src/Http/Middleware/Request.php(103): Dingo\\Api\\Http\\Middleware\\Request->sendRequestThroughRouter(Object(Dingo\\Api\\Http\\Request))
#49 /home/vagrant/Code/BFERP/vendor/laravel/framework/src/Illuminate/Pipeline/Pipeline.php(149): Dingo\\Api\\Http\\Middleware\\Request->handle(Object(Dingo\\Api\\Http\\Request), Object(Closure))
#50 /home/vagrant/Code/BFERP/vendor/laravel/framework/src/Illuminate/Routing/Pipeline.php(53): Illuminate\\Pipeline\\Pipeline->Illuminate\\Pipeline\\{closure}(Object(Illuminate\\Http\\Request))
#51 /home/vagrant/Code/BFERP/vendor/laravel/framework/src/Illuminate/Pipeline/Pipeline.php(102): Illuminate\\Routing\\Pipeline->Illuminate\\Routing\\{closure}(Object(Illuminate\\Http\\Request))
#52 /home/vagrant/Code/BFERP/vendor/laravel/framework/src/Illuminate/Foundation/Http/Kernel.php(151): Illuminate\\Pipeline\\Pipeline->then(Object(Closure))
#53 /home/vagrant/Code/BFERP/vendor/laravel/framework/src/Illuminate/Foundation/Http/Kernel.php(116): Illuminate\\Foundation\\Http\\Kernel->sendRequestThroughRouter(Object(Illuminate\\Http\\Request))
#54 /home/vagrant/Code/BFERP/public/index.php(55): Illuminate\\Foundation\\Http\\Kernel->handle(Object(Illuminate\\Http\\Request))
#55 {main}
"} 
